make all --print-data-base --no-builtin-variables --no-builtin-rules --question
# GNU Make 3.81
# Copyright (C) 2006  Free Software Foundation, Inc.
# This is free software; see the source for copying conditions.
# There is NO warranty; not even for MERCHANTABILITY or FITNESS FOR A
# PARTICULAR PURPOSE.

# This program built for i386-apple-darwin11.3.0
 
make: *** No rule to make target `all'.  Stop.


<<<<<<< HEAD
# Make data base, printed on Sat Jun 17 19:14:16 2023
=======
# Make data base, printed on Thu Jun 22 08:56:12 2023
>>>>>>> 45ab9e8 (disable firebase read)

# Variables

# automatic
<D = $(patsubst %/,%,$(dir $<))
# automatic
?F = $(notdir $?)
# environment
ELECTRON_NO_ATTACH_CONSOLE = 1
# environment
<<<<<<< HEAD
define WSLENV
ELECTRON_RUN_AS_NODE/w:

endef
=======
VSCODE_CRASH_REPORTER_PROCESS_TYPE = extensionHost
>>>>>>> 45ab9e8 (disable firebase read)
# environment
LC_CTYPE = UTF-8
# automatic
?D = $(patsubst %/,%,$(dir $?))
# automatic
@D = $(patsubst %/,%,$(dir $@))
# automatic
@F = $(notdir $@)
# makefile
CURDIR := /Users/umar.ramadhana/umar/personal_projects/nextjs/animapu-lite
# makefile
SHELL = /bin/sh
# environment
VSCODE_NLS_CONFIG = {"locale":"en-us","osLocale":"en-id","availableLanguages":{},"_languagePackSupport":true}
# environment
_ = /usr/bin/make
# makefile (from `Makefile', line 1)
MAKEFILE_LIST :=  Makefile
# environment
__CFBundleIdentifier = com.microsoft.VSCode
# environment
VSCODE_CWD = /Users/umar.ramadhana/umar/personal_projects/nextjs/animapu-lite
# environment
PATH = /Users/umar.ramadhana/Downloads/google-cloud-sdk/bin:/Users/umar.ramadhana/.pyenv/shims:/Users/umar.ramadhana/.rbenv/shims:/Users/umar.ramadhana/.pyenv/bin:/Users/umar.ramadhana/go/bin:/Users/umar.ramadhana/Library/Python/3.8/bin:/Users/umar.ramadhana/usr/local/go/bin/go:/usr/local/bin:/usr/bin:/bin:/usr/sbin:/sbin:/usr/local/go/bin
# environment
LSCOLORS = Gxfxcxdxbxegedabagacad
# environment
GOPATH = /Users/umar.ramadhana/go
# environment
LaunchInstanceID = 43473848-B5FA-4415-8C51-7C3316D1599C
# environment
ELECTRON_RUN_AS_NODE = 1
# environment
PYENV_ROOT = /Users/umar.ramadhana/.pyenv
# default
.FEATURES := target-specific order-only second-expansion else-if archives jobserver check-symlink
# environment
LS_COLORS = di=1;36:ln=35:so=32:pi=33:ex=31:bd=34;46:cd=34;43:su=30;41:sg=30;46:tw=30;42:ow=30;43
# environment
SSH_AUTH_SOCK = /private/tmp/com.apple.launchd.heil3m8PJz/Listeners
# automatic
%F = $(notdir $%)
# environment
PWD = /Users/umar.ramadhana/umar/personal_projects/nextjs/animapu-lite
# environment
JAVA_OPTS = --add-opens java.xml/com.sun.xml.internal.stream.writers=org.jruby.dist
# environment
ORIGINAL_XDG_CURRENT_DESKTOP = undefined
# environment
VSCODE_AMD_ENTRYPOINT = vs/workbench/api/node/extensionHostProcess
# environment
PYENV_SHELL = zsh
# environment
HOME = /Users/umar.ramadhana
# default
MAKEFILEPATH = $(shell /usr/bin/xcode-select -print-path 2>/dev/null || echo /Developer)/Makefiles
# environment
VSCODE_CLI = 1
# environment
VSCODE_CODE_CACHE_PATH = /Users/umar.ramadhana/Library/Application Support/Code/CachedData/b3e4e68a0bc097f0ae7907b217c1119af9e03435
# environment
<<<<<<< HEAD
ZSH = /home/umarkotak/.oh-my-zsh
# automatic
?D = $(patsubst %/,%,$(dir $?))
# automatic
*F = $(notdir $*)
=======
LOGNAME = umar.ramadhana
# environment
APPLICATION_INSIGHTS_NO_DIAGNOSTIC_CHANNEL = 1
# environment
ZSH = /Users/umar.ramadhana/.oh-my-zsh
# environment
VSCODE_HANDLES_UNCAUGHT_ERRORS = true
>>>>>>> 45ab9e8 (disable firebase read)
# automatic
^D = $(patsubst %/,%,$(dir $^))
# environment
XPC_FLAGS = 0x0
# environment
COLORTERM = truecolor
# default
MAKE = $(MAKE_COMMAND)
# environment
LC_TERMINAL = iTerm2
# environment
SHLVL = 3
# environment
VSCODE_CRASH_REPORTER_SANDBOXED_HINT = 1
# default
MAKE_VERSION := 3.81
# environment
USER = umar.ramadhana
# makefile
.DEFAULT_GOAL := run
# default
MAKECMDGOALS := all
# environment
TERM_SESSION_ID = w0t7p0:E53CAA8A-6C99-43BF-B39D-7E9143E42373
# environment
LESS = -R
# automatic
%D = $(patsubst %/,%,$(dir $%))
# default
MAKE_COMMAND := /Library/Developer/CommandLineTools/usr/bin/make
# environment
<<<<<<< HEAD
PATH = /home/umarkotak/.vscode-server/bin/b380da4ef1ee00e224a15c1d4d9793e27c2b6302/bin/remote-cli:/home/umarkotak/.rbenv/shims:/home/umarkotak/.rbenv/bin:/usr/local/sbin:/usr/local/bin:/usr/sbin:/usr/bin:/sbin:/bin:/usr/games:/usr/local/games:/usr/lib/wsl/lib:/mnt/c/Program Files (x86)/VMware/VMware Player/bin/:/mnt/c/Program Files/Common Files/Oracle/Java/javapath:/mnt/c/Program Files (x86)/Common Files/Oracle/Java/javapath:/mnt/c/ProgramData/Oracle/Java/javapath:/mnt/c/WINDOWS/system32:/mnt/c/WINDOWS:/mnt/c/WINDOWS/System32/Wbem:/mnt/c/WINDOWS/System32/WindowsPowerShell/v1.0/:/mnt/c/WINDOWS/System32/OpenSSH/:/mnt/c/Program Files/dotnet/:/mnt/c/Program Files/NVIDIA Corporation/NVIDIA NvDLISR:/mnt/c/Program Files (x86)/NVIDIA Corporation/PhysX/Common:/mnt/c/Program Files/Docker/Docker/resources/bin:/mnt/c/Program Files/Go/bin:/mnt/c/mingw64/bin:/mnt/c/Users/umar ramadhana/AppData/Local/Programs/Python/Python311:/mnt/c/Users/umar ramadhana/AppData/Local/Programs/Python/Python311/Scripts:/mnt/c/Program Files/nodejs/:/mnt/c/ProgramData/chocolatey/bin:/mnt/c/Program Files/Cloudflare/Cloudflare WARP/:/mnt/c/Users/umar ramadhana/AppData/Local/Microsoft/WindowsApps:/mnt/c/Users/umar ramadhana/AppData/Local/Programs/Microsoft VS Code/bin:/mnt/c/Program Files/Java/jdk-19/bin:/mnt/c/Users/umar ramadhana/AppData/Local/Android/Sdk/platform-tools:/mnt/c/Users/umar ramadhana/AppData/Local/Android/Sdk/tools:/mnt/c/Users/umar ramadhana/go/bin:/mnt/c/Users/umar ramadhana/AppData/Local/Programs/Fiddler:/mnt/c/Users/umar ramadhana/AppData/Roaming/npm:/usr/local/go/bin:/home/umarkotak/.fzf/bin
# default
MAKEFILES := 
# automatic
^F = $(notdir $^)
=======
TERM_PROGRAM = iTerm.app
# default
.VARIABLES := 
# environment
TMPDIR = /var/folders/ks/wb5pp8w95rz99jc1g1m6g1_80000gn/T/
>>>>>>> 45ab9e8 (disable firebase read)
# automatic
*F = $(notdir $*)
# environment
VSCODE_IPC_HOOK = /Users/umar.ramadhana/Library/Application Support/Code/1.78-main.sock
# environment
MallocNanoZone = 0
# makefile
MAKEFLAGS = Rrqp
# environment
MFLAGS = -Rrqp
# automatic
*D = $(patsubst %/,%,$(dir $*))
# environment
<<<<<<< HEAD
WSL_INTEROP = /run/WSL/206_interop
# 'override' directive
GNUMAKEFLAGS := 
=======
TERM_PROGRAM_VERSION = 3.4.19
>>>>>>> 45ab9e8 (disable firebase read)
# environment
XPC_SERVICE_NAME = application.com.microsoft.VSCode.51841224.51841230.D4FA13F0-D4E6-4555-8139-4A80E3C55934
# environment
<<<<<<< HEAD
VSCODE_WSL_EXT_LOCATION = /mnt/c/Users/umar ramadhana/.vscode/extensions/ms-vscode-remote.remote-wsl-0.79.5
# makefile
.DEFAULT_GOAL := run
=======
LC_TERMINAL_VERSION = 3.4.19
# automatic
+D = $(patsubst %/,%,$(dir $+))
# automatic
+F = $(notdir $+)
>>>>>>> 45ab9e8 (disable firebase read)
# environment
ITERM_SESSION_ID = w0t7p0:E53CAA8A-6C99-43BF-B39D-7E9143E42373
# environment
COLORFGBG = 7;0
# environment
__CF_USER_TEXT_ENCODING = 0x1F5:0x0:0x0
# environment
COMMAND_MODE = unix2003
# default
MAKEFILES := 
# environment
RBENV_SHELL = zsh
# automatic
<F = $(notdir $<)
# environment
<<<<<<< HEAD
VSCODE_IPC_HOOK_CLI = /mnt/wslg/runtime-dir/vscode-ipc-198d6602-a278-4fba-b544-789ffd4b626e.sock
=======
ITERM_PROFILE = Default
>>>>>>> 45ab9e8 (disable firebase read)
# environment
GOPRIVATE = source.golabs.io
# environment
PAGER = less
# environment
LC_ALL = C
# environment
SECURITYSESSIONID = 186a6
# automatic
^F = $(notdir $^)
# default
SUFFIXES := 
# default
.INCLUDE_DIRS = /usr/local/include
# environment
MAKELEVEL := 0
# environment
LANG = C
# environment
TERM = xterm-256color
# environment
VSCODE_PID = 672
# variable set hash-table stats:
<<<<<<< HEAD
# Load=71/1024=7%, Rehash=0, Collisions=1/101=1%
=======
# Load=86/1024=8%, Rehash=0, Collisions=5/110=5%
>>>>>>> 45ab9e8 (disable firebase read)

# Pattern-specific Variable Values

# No pattern-specific variable values.

# Directories

<<<<<<< HEAD
# . (device 2080, inode 75935): 23 files, no impossibilities.

# 23 files, no impossibilities in 1 directories.
=======
# . (device 16777220, inode 1789605): 24 files, no impossibilities.

# 24 files, no impossibilities in 1 directories.
>>>>>>> 45ab9e8 (disable firebase read)

# Implicit Rules

# No implicit rules.

# Files

# Not a target:
all:
#  Command-line target.
#  Implicit rule search has been done.
#  File does not exist.
#  File has not been updated.
# variable set hash-table stats:
# Load=0/32=0%, Rehash=0, Collisions=0/0=0%

# Not a target:
.SUFFIXES:
#  Implicit rule search has not been done.
#  Modification time never checked.
#  File has not been updated.

# Not a target:
Makefile:
#  Implicit rule search has been done.
#  Last modified 2022-06-20 04:57:38
#  File has been updated.
#  Successfully updated.
# variable set hash-table stats:
# Load=0/32=0%, Rehash=0, Collisions=0/0=0%

# Not a target:
.DEFAULT:
#  Implicit rule search has not been done.
#  Modification time never checked.
#  File has not been updated.

run:
#  Implicit rule search has not been done.
#  Modification time never checked.
#  File has not been updated.
#  commands to execute (from `Makefile', line 2):
	npm run dev
	

# files hash-table stats:
# Load=5/1024=0%, Rehash=0, Collisions=0/17=0%
# VPATH Search Paths

# No `vpath' search paths.

# No general (`VPATH' variable) search path.

<<<<<<< HEAD
# strcache buffers: 1 (0) / strings = 29 / storage = 283 B / avg = 9 B
# current buf: size = 8162 B / used = 283 B / count = 29 / avg = 9 B

# strcache performance: lookups = 34 / hit rate = 14%
# hash-table stats:
# Load=29/8192=0%, Rehash=0, Collisions=0/34=0%
# Finished Make data base on Sat Jun 17 19:14:16 2023
=======
# # of strings in strcache: 1
# # of strcache buffers: 1
# strcache size: total = 4096 / max = 4096 / min = 4096 / avg = 4096
# strcache free: total = 4087 / max = 4087 / min = 4087 / avg = 4087

# Finished Make data base on Thu Jun 22 08:56:12 2023
>>>>>>> 45ab9e8 (disable firebase read)

 
